User signed in 01/02/2019 07:34
Booking: New actual user 01/02/2019 07:34
[ERROR] ConsoleView: no flights found 01/02/2019 07:35
Flights: printed flights 01/02/2019 07:36
Booking: Add new flight 01/02/2019 07:36
User signed in 01/02/2019 07:37
Booking: New actual user 01/02/2019 07:37
User signed in 01/02/2019 07:37
Booking: New actual user 01/02/2019 07:37
User signed in 01/02/2019 07:38
Booking: New actual user 01/02/2019 07:38
ConsoleView: printed online table 01/02/2019 07:38
ConsoleView: log out 01/02/2019 07:38
User signed in 01/02/2019 07:38
Booking: New actual user 01/02/2019 07:38
Booking: Display booked flights 01/02/2019 07:38
Booking: Display booked flights 01/02/2019 07:39
ConsoleView: log out 01/02/2019 07:39
User signed in 01/02/2019 07:39
Booking: New actual user 01/02/2019 07:39
Admin generated 01/02/2019 07:40
User signed in 01/02/2019 07:40
Booking: New actual user 01/02/2019 07:40
ConsoleView: exit 01/02/2019 07:40
User signed in 01/02/2019 07:42
Booking: New actual user 01/02/2019 07:42
User signed in 01/02/2019 07:46
Booking: New actual user 01/02/2019 07:46
User signed in 01/02/2019 07:55
Booking: New actual user 01/02/2019 07:55
Admin generated 01/02/2019 08:06
User signed in 01/02/2019 08:06
Booking: New actual user 01/02/2019 08:06
ConsoleView: exit 01/02/2019 08:06
User signed in 01/02/2019 08:22
Booking: New actual user 01/02/2019 08:22
[ERROR] ConsoleView: no flights found 01/02/2019 08:22
User signed in 01/02/2019 08:23
Booking: New actual user 01/02/2019 08:23
[ERROR] ConsoleView: no flights found 01/02/2019 08:24
User signed in 01/02/2019 08:24
Booking: New actual user 01/02/2019 08:24
[ERROR] ConsoleView: no flights found 01/02/2019 08:25
Flights: printed flights 01/02/2019 08:25
[ERROR] ConsoleView: user didn't booked any flight by search 01/02/2019 08:26
User signed in 01/02/2019 08:26
Booking: New actual user 01/02/2019 08:26
[ERROR] ConsoleView: no flights found 01/02/2019 08:28
[ERROR] ConsoleView: no flights found 01/02/2019 08:29
Flights: printed flights 01/02/2019 08:30
[ERROR] ConsoleView: user didn't booked any flight by search 01/02/2019 08:30
ConsoleView: exit 01/02/2019 08:30
ConsoleView: exit 01/02/2019 08:30
User signed in 01/02/2019 08:30
Booking: New actual user 01/02/2019 08:30
Flights: printed flights 01/02/2019 08:31
[ERROR] ConsoleView: user didn't booked any flight by search 01/02/2019 08:31
ConsoleView: exit 01/02/2019 08:31
ConsoleView: exit 01/02/2019 08:31
User signed in 01/02/2019 08:52
Booking: New actual user 01/02/2019 08:52
Flights: printed flights 01/02/2019 08:53
[ERROR] ConsoleView: user didn't book any flight by search 01/02/2019 08:53
ConsoleView: exit 01/02/2019 08:53
User signed in 01/02/2019 08:54
Booking: New actual user 01/02/2019 08:54
ConsoleView: exit 01/02/2019 08:54
User signed in 01/02/2019 09:07
Booking: New actual user 01/02/2019 09:07
Flights: printed flights 01/02/2019 09:08
[ERROR] ConsoleView: user didn't book any flight by search 01/02/2019 09:11
Flights: printed flights 01/02/2019 09:12
[ERROR] ConsoleView: user didn't book any flight by search 01/02/2019 09:13
Flights: printed flights 01/02/2019 09:17
Booking: Add new flight 01/02/2019 09:17
Booking: Display booked flights 01/02/2019 09:17
Booking: Display booked flights 01/02/2019 09:17
Booking: Delete booking  01/02/2019 09:17
User signed in 01/02/2019 09:22
Booking: New actual user 01/02/2019 09:22
Flights: printed flights 01/02/2019 09:23
Booking: Add new flight 01/02/2019 09:23
Booking: Display booked flights 01/02/2019 09:23
Booking: Display booked flights 01/02/2019 09:24
Booking: Delete booking  01/02/2019 09:24
ConsoleView: exit 01/02/2019 09:24
User signed in 01/02/2019 09:25
Booking: New actual user 01/02/2019 09:25
ConsoleView: log out 01/02/2019 09:25
User signed in 01/02/2019 09:43
Booking: New actual user 01/02/2019 09:43
Flights: printed flights 01/02/2019 09:44
Booking: Add new flight 01/02/2019 09:44
Booking: Display booked flights 01/02/2019 09:44
ConsoleView: log out 01/02/2019 09:44
User signed in 01/02/2019 09:45
Booking: New actual user 01/02/2019 09:45
Flights: printed flights 01/02/2019 09:46
Booking: Add new flight 01/02/2019 09:46
ConsoleView: exit 01/02/2019 09:46
User signed in 02/02/2019 10:54
Booking: New actual user 02/02/2019 10:54
ConsoleView: printed online table 02/02/2019 10:54
[ERROR] ConsoleView: no flights found 02/02/2019 10:55
Flights: printed flights 02/02/2019 10:56
[ERROR] ConsoleView: user didn't book any flight by search 02/02/2019 10:56
ConsoleView: exit 02/02/2019 10:56
ConsoleView: exit 02/02/2019 10:56
User signed in 02/02/2019 10:56
Booking: New actual user 02/02/2019 10:56
Flights: printed flights 02/02/2019 10:57
[ERROR] ConsoleView: user didn't book any flight by search 02/02/2019 10:57
ConsoleView: exit 02/02/2019 10:57
User signed in 02/02/2019 11:38
Booking: New actual user 02/02/2019 11:38
Flights: printed flights 02/02/2019 11:38
User signed in 02/02/2019 11:40
Booking: New actual user 02/02/2019 11:40
Flights: printed flights 02/02/2019 11:40
[ERROR] ConsoleView: user didn't book any flight by search 02/02/2019 11:40
ConsoleView: exit 02/02/2019 11:41
User signed in 02/02/2019 12:07
Booking: New actual user 02/02/2019 12:07
Flights: printed flights 02/02/2019 12:07
[ERROR] ConsoleView: user didn't book any flight by search 02/02/2019 12:08
ConsoleView: exit 02/02/2019 12:08
User signed in 02/02/2019 03:12
Booking: New actual user 02/02/2019 03:12
Flights: printed flights 02/02/2019 03:12
Booking: Add new flight 02/02/2019 03:12
Booking: Display booked flights 02/02/2019 03:13
ConsoleView: log out 02/02/2019 03:13
User signed in 02/02/2019 03:13
Booking: New actual user 02/02/2019 03:13
Booking: Display booked flights 02/02/2019 03:13
Flights: printed flights 02/02/2019 03:14
Booking: Add new flight 02/02/2019 03:14
Booking: Display booked flights 02/02/2019 03:14
ConsoleView: log out 02/02/2019 03:15
User signed in 02/02/2019 03:15
Booking: New actual user 02/02/2019 03:15
[ERROR] ConsoleView: no flights found 02/02/2019 03:16
Flights: printed flights 02/02/2019 03:17
Booking: Add new flight 02/02/2019 03:17
User signed in 02/02/2019 03:20
Booking: New actual user 02/02/2019 03:20
[ERROR] ConsoleView: no flights found 02/02/2019 03:21
Flights: printed flights 02/02/2019 03:22
Booking: Add new flight 02/02/2019 03:22
ConsoleView: exit 02/02/2019 03:22
User signed in 02/02/2019 03:24
Booking: New actual user 02/02/2019 03:24
Flights: printed flights 02/02/2019 03:24
Booking: Add new flight 02/02/2019 03:24
Booking: Display booked flights 02/02/2019 03:24
ConsoleView: printed online table 02/02/2019 03:25
ConsoleView: exit 02/02/2019 03:25
User signed in 02/02/2019 03:47
Booking: New actual user 02/02/2019 03:47
Flights: printed flights 02/02/2019 03:47
Booking: Add new flight 02/02/2019 03:48
Booking: Display booked flights 02/02/2019 03:48
ConsoleView: log out 02/02/2019 03:48
User signed in 02/02/2019 03:49
Booking: New actual user 02/02/2019 03:49
Flights: printed flights 02/02/2019 03:49
[ERROR] ConsoleView: user didn't book any flight by search 02/02/2019 03:50
[ERROR] ConsoleView: no flights found 02/02/2019 03:50
Flights: printed flights 02/02/2019 03:51
Booking: Add new flight 02/02/2019 03:51
Booking: Display booked flights 02/02/2019 03:51
ConsoleView: exit 02/02/2019 03:51
User signed in 04/02/2019 12:01
Booking: New actual user 04/02/2019 12:01
ConsoleView: printed online table 04/02/2019 12:02
ConsoleView: exit 04/02/2019 12:02
User signed in 04/02/2019 05:09
Booking: New actual user 04/02/2019 05:09
ConsoleView: printed online table 04/02/2019 05:09
Flights: printed flights 04/02/2019 05:10
[ERROR] ConsoleView: user didn't book any flight by search 04/02/2019 05:10
Booking: Display booked flights 04/02/2019 05:10
ConsoleView: exit 04/02/2019 05:11
